<?xml version="1.0" encoding="UTF-8"?>
<!-- Generated by org.testng.reporters.JUnitXMLReporter -->
<testsuite hostname="LAPTOP-2NA4FFI8" ignored="0" name="Smoke Testing" tests="1" failures="1" timestamp="18 Apr 2022 15:12:19 GMT" time="33.209" errors="0">
  <testcase name="feature" time="30.973" classname="cucumber.api.testng.AbstractTestNGCucumberTests">
    <failure type="cucumber.runtime.CucumberException" message="java.lang.AssertionError: The following asserts failed:
	expected [Invalid email or password] but found [Invalid email or password.]">
      <![CDATA[cucumber.runtime.CucumberException: java.lang.AssertionError: The following asserts failed:
	expected [Invalid email or password] but found [Invalid email or password.]
	at cucumber.api.testng.TestNGCucumberRunner.runCucumber(TestNGCucumberRunner.java:69)
	at cucumber.api.testng.AbstractTestNGCucumberTests.feature(AbstractTestNGCucumberTests.java:21)
Caused by: java.lang.AssertionError: The following asserts failed:
	expected [Invalid email or password] but found [Invalid email or password.]
	at mindq.stepdefinitions.LoginStepdefinitions.user_should_see_the_error_message(LoginStepdefinitions.java:66)
	at âœ½.Then User should see the error message(Login.feature:13)
... Removed 35 stack frames]]>
    </failure>
  </testcase> <!-- feature -->
</testsuite> <!-- Smoke Testing -->
